Flow report for TS_CONTROL
Fri May 03 23:44:00 2019
Quartus II 64-Bit Version 11.0 Build 208 07/03/2011 Service Pack 1 SJ Full Version


---------------------
; Table of Contents ;
---------------------
  1. Legal Notice
  2. Flow Summary
  3. Flow Settings
  4. Flow Non-Default Global Settings
  5. Flow Elapsed Time
  6. Flow OS Summary
  7. Flow Log



----------------
; Legal Notice ;
----------------
Copyright (C) 1991-2011 Altera Corporation
Your use of Altera Corporation's design tools, logic functions 
and other software and tools, and its AMPP partner logic 
functions, and any output files from any of the foregoing 
(including device programming or simulation files), and any 
associated documentation or information are expressly subject 
to the terms and conditions of the Altera Program License 
Subscription Agreement, Altera MegaCore Function License 
Agreement, or other applicable license agreement, including, 
without limitation, that your use is for the sole purpose of 
programming logic devices manufactured by Altera and sold by 
Altera or its authorized distributors.  Please refer to the 
applicable agreement for further details.



+-------------------------------------------------------------------------------------+
; Flow Summary                                                                        ;
+------------------------------------+------------------------------------------------+
; Flow Status                        ; Successful - Fri May 03 23:44:00 2019          ;
; Quartus II 64-Bit Version          ; 11.0 Build 208 07/03/2011 SP 1 SJ Full Version ;
; Revision Name                      ; TS_CONTROL                                     ;
; Top-level Entity Name              ; TS_CONTROL                                     ;
; Family                             ; Cyclone IV E                                   ;
; Device                             ; EP4CE6F17C8                                    ;
; Timing Models                      ; Final                                          ;
; Total logic elements               ; 136 / 6,272 ( 2 % )                            ;
;     Total combinational functions  ; 88 / 6,272 ( 1 % )                             ;
;     Dedicated logic registers      ; 106 / 6,272 ( 2 % )                            ;
; Total registers                    ; 106                                            ;
; Total pins                         ; 29 / 180 ( 16 % )                              ;
; Total virtual pins                 ; 0                                              ;
; Total memory bits                  ; 256 / 276,480 ( < 1 % )                        ;
; Embedded Multiplier 9-bit elements ; 0 / 30 ( 0 % )                                 ;
; Total PLLs                         ; 0 / 2 ( 0 % )                                  ;
+------------------------------------+------------------------------------------------+


+-----------------------------------------+
; Flow Settings                           ;
+-------------------+---------------------+
; Option            ; Setting             ;
+-------------------+---------------------+
; Start date & time ; 05/03/2019 23:26:22 ;
; Main task         ; Compilation         ;
; Revision Name     ; TS_CONTROL          ;
+-------------------+---------------------+


+---------------------------------------------------------------------------------------------------------------------+
; Flow Non-Default Global Settings                                                                                    ;
+-------------------------------------+--------------------------------+---------------+-------------+----------------+
; Assignment Name                     ; Value                          ; Default Value ; Entity Name ; Section Id     ;
+-------------------------------------+--------------------------------+---------------+-------------+----------------+
; COMPILER_SIGNATURE_ID               ; 66619474652973.155689718211744 ; --            ; --          ; --             ;
; EDA_OUTPUT_DATA_FORMAT              ; Verilog Hdl                    ; --            ; --          ; eda_simulation ;
; EDA_SIMULATION_TOOL                 ; ModelSim (Verilog)             ; <None>        ; --          ; --             ;
; EDA_TIME_SCALE                      ; 1 ps                           ; --            ; --          ; eda_simulation ;
; IP_TOOL_NAME                        ; FIFO                           ; --            ; --          ; --             ;
; IP_TOOL_VERSION                     ; 11.0                           ; --            ; --          ; --             ;
; MAX_CORE_JUNCTION_TEMP              ; 85                             ; --            ; --          ; --             ;
; MIN_CORE_JUNCTION_TEMP              ; 0                              ; --            ; --          ; --             ;
; MISC_FILE                           ; FIFO_2clk_bb.v                 ; --            ; --          ; --             ;
; NOMINAL_CORE_SUPPLY_VOLTAGE         ; 1.2V                           ; --            ; --          ; --             ;
; PARTITION_COLOR                     ; 16764057                       ; --            ; --          ; Top            ;
; PARTITION_FITTER_PRESERVATION_LEVEL ; PLACEMENT_AND_ROUTING          ; --            ; --          ; Top            ;
; PARTITION_NETLIST_TYPE              ; SOURCE                         ; --            ; --          ; Top            ;
+-------------------------------------+--------------------------------+---------------+-------------+----------------+


+-------------------------------------------------------------------------------------------------------------------------------+
; Flow Elapsed Time                                                                                                             ;
+---------------------------+--------------+-------------------------+---------------------+------------------------------------+
; Module Name               ; Elapsed Time ; Average Processors Used ; Peak Virtual Memory ; Total CPU Time (on all processors) ;
+---------------------------+--------------+-------------------------+---------------------+------------------------------------+
; Analysis & Synthesis      ; 00:00:04     ; 1.0                     ; 425 MB              ; 00:00:04                           ;
; Fitter                    ; 00:00:06     ; 1.0                     ; 575 MB              ; 00:00:05                           ;
; Assembler                 ; 00:00:03     ; 1.0                     ; 386 MB              ; 00:00:02                           ;
; TimeQuest Timing Analyzer ; 00:00:07     ; 1.3                     ; 460 MB              ; 00:00:05                           ;
; EDA Netlist Writer        ; 00:00:02     ; 1.0                     ; 356 MB              ; 00:00:02                           ;
; Partition Merge           ; 00:00:01     ; 1.0                     ; 446 MB              ; 00:00:01                           ;
; Fitter                    ; 00:00:05     ; 1.0                     ; 577 MB              ; 00:00:05                           ;
; Total                     ; 00:00:28     ; --                      ; --                  ; 00:00:24                           ;
+---------------------------+--------------+-------------------------+---------------------+------------------------------------+


+----------------------------------------------------------------------------------------+
; Flow OS Summary                                                                        ;
+---------------------------+------------------+-----------+------------+----------------+
; Module Name               ; Machine Hostname ; OS Name   ; OS Version ; Processor type ;
+---------------------------+------------------+-----------+------------+----------------+
; Analysis & Synthesis      ; LCG              ; Windows 7 ; 6.2        ; x86_64         ;
; Fitter                    ; LCG              ; Windows 7 ; 6.2        ; x86_64         ;
; Assembler                 ; LCG              ; Windows 7 ; 6.2        ; x86_64         ;
; TimeQuest Timing Analyzer ; LCG              ; Windows 7 ; 6.2        ; x86_64         ;
; EDA Netlist Writer        ; LCG              ; Windows 7 ; 6.2        ; x86_64         ;
; Partition Merge           ; LCG              ; Windows 7 ; 6.2        ; x86_64         ;
; Fitter                    ; LCG              ; Windows 7 ; 6.2        ; x86_64         ;
+---------------------------+------------------+-----------+------------+----------------+


------------
; Flow Log ;
------------
quartus_map --read_settings_files=on --write_settings_files=off TS_CONTROL -c TS_CONTROL
quartus_fit --read_settings_files=off --write_settings_files=off TS_CONTROL -c TS_CONTROL
quartus_asm --read_settings_files=off --write_settings_files=off TS_CONTROL -c TS_CONTROL
quartus_sta TS_CONTROL -c TS_CONTROL
quartus_eda --read_settings_files=off --write_settings_files=off TS_CONTROL -c TS_CONTROL
quartus_cdb --read_settings_files=on --write_settings_files=off TS_CONTROL -c TS_CONTROL --merge=on
quartus_fit --read_settings_files=on --write_settings_files=off TS_CONTROL -c TS_CONTROL



